[ SUCCESS ]  Memory Allocation
[ INFO ] Closed File
[ SUCCESS ]  Memory Allocation
[ INFO ] Closed File
[ SUCCESS ]  Memory Allocation
[ INFO ] Closed File
[ SUCCESS ]  Memory Allocation
[ INFO ] Closed File
[ SUCCESS ]  Memory Allocation
[ INFO ] Closed File
[ SUCCESS ]  Memory Allocation
[ INFO ] Closed File
[ SUCCESS ]  Memory Allocation
[ INFO ] Closed File
[ SUCCESS ]  Memory Allocation
[ INFO ] Closed File
[ SUCCESS ]  Memory Allocation
[ INFO ] Closed File
[ SUCCESS ]  Memory Allocation
[ INFO ] Closed File
[ SUCCESS ]  Memory Allocation
[ INFO ] Closed File
[ SUCCESS ]  Memory Allocation
[ INFO ] Closed File
[ SUCCESS ]  Memory Allocation
[ INFO ] Closed File
[ SUCCESS ]  Memory Allocation
[ INFO ] Closed File
[ SUCCESS ]  Memory Allocation
[ INFO ] Closed File
[ SUCCESS ]  Memory Allocation
[ INFO ] Closed File
[ INFO ] Closed File
[ INFO ] Closed File
[ INFO ] Closed File
[ SUCCESS ]  Firewall Deleted
[ INFO ] Closed File
[ SUCCESS ]  Memory Freed
[ INFO ] Closed File
[ SUCCESS ]  Firewall Created
[ INFO ] Closed File
[ SUCCESS ]  Memory Freed
[ SUCCESS ]  Memory Allocation
[ INFO ] Closed File
[ SUCCESS ]  Firewall Created
[ SUCCESS ]  Memory Allocation
[ INFO ] Closed File
[ SUCCESS ]  Memory Allocation
[ INFO ] Closed File
[ INFO ] Closed File
[ INFO ] Closed File
[ INFO ] Closed File
[ SUCCESS ]  Firewall Deleted
[ INFO ] Closed File
[ INFO ] Closed File
[ INFO ] Closed File
[ INFO ] Closed File
[ INFO ] Closed File
[ SUCCESS ]  Firewall Deleted
[ INFO ] Closed File
[ INFO ] Closed File
[ SUCCESS ]  Memory Freed
[ SUCCESS ]  Memory Allocation
[ INFO ] Closed File
[ SUCCESS ]  Firewall Created
[ INFO ] Closed File
[ SUCCESS ]  Memory Freed
[ SUCCESS ]  Memory Allocation
[ SUCCESS ]  Memory Allocation
[ INFO ] Closed File
[ SUCCESS ]  Firewall Created
[ INFO ] Closed File
[ SUCCESS ]  Memory Freed
[ SUCCESS ]  Memory Allocation
[ SUCCESS ]  Memory Allocation
[ INFO ] Closed File
[ SUCCESS ]  Firewall Created
[ INFO ] Closed File
[ SUCCESS ]  Memory Freed
[ SUCCESS ]  Memory Allocation
[ SUCCESS ]  Memory Allocation
[ SUCCESS ]  Memory Allocation
[ INFO ] Closed File
[ SUCCESS ]  Firewall Created
[ SUCCESS ]  Memory Allocation
[ SUCCESS ]  Memory Allocation
[ SUCCESS ]  Memory Allocation
[ INFO ] Closed File
[ SUCCESS ]  Memory Allocation
[ SUCCESS ]  Memory Allocation
[ SUCCESS ]  Memory Allocation
[ INFO ] Closed File
[ SUCCESS ]  Memory Allocation
[ SUCCESS ]  Memory Allocation
[ SUCCESS ]  Memory Allocation
[ INFO ] Closed File
[ SUCCESS ]  Memory Allocation
[ SUCCESS ]  Memory Allocation
[ SUCCESS ]  Memory Allocation
[ INFO ] Closed File
[ SUCCESS ]  Memory Allocation
[ SUCCESS ]  Memory Allocation
[ SUCCESS ]  Memory Allocation
[ INFO ] Closed File
[ SUCCESS ]  Memory Allocation
[ SUCCESS ]  Memory Allocation
[ SUCCESS ]  Memory Allocation
[ INFO ] Closed File
[ SUCCESS ]  Memory Allocation
[ SUCCESS ]  Memory Allocation
[ SUCCESS ]  Memory Allocation
[ INFO ] Closed File
[ SUCCESS ]  Memory Allocation
[ SUCCESS ]  Memory Allocation
[ SUCCESS ]  Memory Allocation
[ INFO ] Closed File
[ SUCCESS ]  Memory Allocation
[ SUCCESS ]  Memory Allocation
[ SUCCESS ]  Memory Allocation
[ INFO ] Closed File
[ SUCCESS ]  Memory Allocation
[ SUCCESS ]  Memory Allocation
[ SUCCESS ]  Memory Allocation
[ INFO ] Closed File
[ SUCCESS ]  Memory Allocation
[ SUCCESS ]  Memory Allocation
[ SUCCESS ]  Memory Allocation
[ INFO ] Closed File
[ INFO ] Closed File
[ INFO ] Closed File
[ SUCCESS ]  Memory Allocation
[ SUCCESS ]  Memory Allocation
[ INFO ] Closed File
[ SUCCESS ]  Firewall Deleted
[ SUCCESS ]  Memory Allocation
[ SUCCESS ]  Memory Allocation
[ INFO ] Closed File
[ SUCCESS ]  Memory Allocation
[ SUCCESS ]  Memory Allocation
[ INFO ] Closed File
[ SUCCESS ]  Memory Allocation
[ SUCCESS ]  Memory Allocation
[ INFO ] Closed File
[ ERROR ] Opened File
[ INFO ] Closed File
[ INFO ] Closed File
[ SUCCESS ]  Memory Freed
[ SUCCESS ]  Memory Allocation
[ INFO ] Closed File
[ SUCCESS ]  Firewall Created
[ SUCCESS ]  Memory Allocation
[ INFO ] Closed File
[ SUCCESS ]  Memory Allocation
[ INFO ] Closed File
[ SUCCESS ]  Memory Allocation
[ INFO ] Closed File
[ SUCCESS ]  Memory Allocation
[ INFO ] Closed File
[ SUCCESS ]  Memory Allocation
[ INFO ] Closed File
[ SUCCESS ]  Memory Allocation
[ INFO ] Closed File
[ INFO ] Closed File
[ INFO ] Closed File
[ INFO ] Closed File
[ SUCCESS ]  Firewall Deleted
[ INFO ] Closed File
[ INFO ] Closed File
[ INFO ] Closed File
[ SUCCESS ]  Memory Freed
[ SUCCESS ]  Memory Allocation
[ INFO ] Closed File
[ SUCCESS ]  Firewall Created
[ SUCCESS ]  Memory Allocation
[ INFO ] Closed File
[ INFO ] Closed File
[ SUCCESS ]  Memory Freed
[ SUCCESS ]  Memory Allocation
[ SUCCESS ]  Memory Allocation
[ INFO ] Closed File
[ SUCCESS ]  Firewall Created
[ INFO ] Closed File
[ SUCCESS ]  Memory Freed
[ SUCCESS ]  Memory Allocation
[ SUCCESS ]  Memory Allocation
[ SUCCESS ]  Memory Allocation
[ INFO ] Closed File
[ SUCCESS ]  Firewall Created
[ SUCCESS ]  Memory Allocation
[ SUCCESS ]  Memory Allocation
[ SUCCESS ]  Memory Allocation
[ INFO ] Closed File
[ INFO ] Closed File
[ INFO ] Closed File
[ SUCCESS ]  Memory Allocation
[ SUCCESS ]  Memory Allocation
[ SUCCESS ]  Memory Allocation
[ INFO ] Closed File
[ SUCCESS ]  Firewall Deleted
[ INFO ] Closed File
[ INFO ] Closed File
[ SUCCESS ]  Memory Allocation
[ SUCCESS ]  Memory Allocation
[ INFO ] Closed File
[ SUCCESS ]  Firewall Deleted
[ SUCCESS ]  Memory Allocation
[ SUCCESS ]  Memory Allocation
[ INFO ] Closed File
[ INFO ] Closed File
[ INFO ] Closed File
[ SUCCESS ]  Memory Allocation
[ INFO ] Closed File
[ SUCCESS ]  Firewall Deleted
[ INFO ] Closed File
[ INFO ] Closed File
[ SUCCESS ]  Memory Freed
[ SUCCESS ]  Memory Allocation
[ INFO ] Closed File
[ SUCCESS ]  Firewall Created
[ SUCCESS ]  Memory Allocation
[ INFO ] Closed File
[ INFO ] Closed File
[ SUCCESS ]  Memory Freed
[ SUCCESS ]  Memory Allocation
[ SUCCESS ]  Memory Allocation
[ INFO ] Closed File
[ SUCCESS ]  Firewall Created
[ SUCCESS ]  Memory Allocation
[ SUCCESS ]  Memory Allocation
[ INFO ] Closed File
[ INFO ] Closed File
[ INFO ] Closed File
[ SUCCESS ]  Memory Allocation
[ INFO ] Closed File
[ SUCCESS ]  Firewall Deleted
[ SUCCESS ]  Memory Allocation
[ INFO ] Closed File
[ INFO ] Closed File
[ SUCCESS ]  Memory Freed
[ SUCCESS ]  Memory Allocation
[ SUCCESS ]  Memory Allocation
[ INFO ] Closed File
[ SUCCESS ]  Firewall Created
[ INFO ] Closed File
[ INFO ] Closed File
[ SUCCESS ]  Memory Allocation
[ INFO ] Closed File
[ SUCCESS ]  Firewall Deleted
[ SUCCESS ]  Memory Allocation
[ INFO ] Closed File
[ INFO ] Closed File
[ SUCCESS ]  Memory Freed
[ SUCCESS ]  Memory Allocation
[ SUCCESS ]  Memory Allocation
[ INFO ] Closed File
[ SUCCESS ]  Firewall Created
[ SUCCESS ]  Memory Allocation
[ SUCCESS ]  Memory Allocation
[ INFO ] Closed File
[ SUCCESS ]  Memory Allocation
[ SUCCESS ]  Memory Allocation
[ INFO ] Closed File
[ SUCCESS ]  Memory Allocation
[ SUCCESS ]  Memory Allocation
[ INFO ] Closed File
[ INFO ] Closed File
[ INFO ] Closed File
[ SUCCESS ]  Memory Allocation
[ INFO ] Closed File
[ SUCCESS ]  Memory Allocation
[ INFO ] Closed File
[ SUCCESS ]  Memory Allocation
[ INFO ] Closed File
